c:\users\skullatt\desktop\proyectossdl\p5_pingpong\debug\vc140.pdb
c:\users\skullatt\desktop\proyectossdl\p5_pingpong\debug\vc140.idb
c:\users\skullatt\desktop\proyectossdl\p5_pingpong\debug\gamestateobserver.obj
c:\users\skullatt\desktop\proyectossdl\p5_pingpong\debug\imagerendered.obj
c:\users\skullatt\desktop\proyectossdl\p5_pingpong\debug\inputcomponent.obj
c:\users\skullatt\desktop\proyectossdl\p5_pingpong\debug\main.obj
c:\users\skullatt\desktop\proyectossdl\p5_pingpong\debug\music.obj
c:\users\skullatt\desktop\proyectossdl\p5_pingpong\debug\paddleaiphysics.obj
c:\users\skullatt\desktop\proyectossdl\p5_pingpong\debug\paddlekeyboardinputcomp.obj
c:\users\skullatt\desktop\proyectossdl\p5_pingpong\debug\paddlemouseinputcomp.obj
c:\users\skullatt\desktop\proyectossdl\p5_pingpong\debug\physicscomponent.obj
c:\users\skullatt\desktop\proyectossdl\p5_pingpong\debug\pingpong.obj
c:\users\skullatt\desktop\proyectossdl\p5_pingpong\debug\pingpongphysics.obj
c:\users\skullatt\desktop\proyectossdl\p5_pingpong\debug\rectrender.obj
c:\users\skullatt\desktop\proyectossdl\p5_pingpong\debug\rendercomponent.obj
c:\users\skullatt\desktop\proyectossdl\p5_pingpong\debug\sdlgame.obj
c:\users\skullatt\desktop\proyectossdl\p5_pingpong\debug\sdlresources.obj
c:\users\skullatt\desktop\proyectossdl\p5_pingpong\debug\simplemovephysics.obj
c:\users\skullatt\desktop\proyectossdl\p5_pingpong\debug\soundeffect.obj
c:\users\skullatt\desktop\proyectossdl\p5_pingpong\debug\stoponbordersphysics.obj
c:\users\skullatt\desktop\proyectossdl\p5_pingpong\debug\texture.obj
c:\users\skullatt\desktop\proyectossdl\p5_pingpong\debug\vector2d.obj
c:\users\skullatt\desktop\proyectossdl\p5_pingpong\debug\ballobserver.obj
c:\users\skullatt\desktop\proyectossdl\p5_pingpong\debug\bounceonborders.obj
c:\users\skullatt\desktop\proyectossdl\p5_pingpong\debug\componentswitcher.obj
c:\users\skullatt\desktop\proyectossdl\p5_pingpong\debug\font.obj
c:\users\skullatt\desktop\proyectossdl\p5_pingpong\debug\gamecomponent.obj
c:\users\skullatt\desktop\proyectossdl\p5_pingpong\debug\gamemanager.obj
c:\users\skullatt\desktop\proyectossdl\p5_pingpong\debug\gameobject.obj
c:\users\skullatt\desktop\proyectossdl\bin\p5_pingpongdebug.ilk
c:\users\skullatt\desktop\proyectossdl\bin\p5_pingpongdebug.exe
c:\users\skullatt\desktop\proyectossdl\bin\p5_pingpongdebug.pdb
c:\users\skullatt\desktop\proyectossdl\p5_pingpong\debug\p5_pingpong.tlog\cl.command.1.tlog
c:\users\skullatt\desktop\proyectossdl\p5_pingpong\debug\p5_pingpong.tlog\cl.read.1.tlog
c:\users\skullatt\desktop\proyectossdl\p5_pingpong\debug\p5_pingpong.tlog\cl.write.1.tlog
c:\users\skullatt\desktop\proyectossdl\p5_pingpong\debug\p5_pingpong.tlog\link.command.1.tlog
c:\users\skullatt\desktop\proyectossdl\p5_pingpong\debug\p5_pingpong.tlog\link.read.1.tlog
c:\users\skullatt\desktop\proyectossdl\p5_pingpong\debug\p5_pingpong.tlog\link.write.1.tlog
